Determining if the pthread_create exist failed with the following output:
Change Dir: /home/highler/github/Robot-Learning/ROS/code/base/build/CMakeFiles/CMakeTmp

Run Build Command:"/usr/bin/make" "cmTC_07f14/fast"
/usr/bin/make -f CMakeFiles/cmTC_07f14.dir/build.make CMakeFiles/cmTC_07f14.dir/build
make[1]: 进入目录“/home/highler/github/Robot-Learning/ROS/code/base/build/CMakeFiles/CMakeTmp”
Building C object CMakeFiles/cmTC_07f14.dir/CheckSymbolExists.c.o
/usr/bin/cc    -o CMakeFiles/cmTC_07f14.dir/CheckSymbolExists.c.o   -c /home/highler/github/Robot-Learning/ROS/code/base/build/CMakeFiles/CMakeTmp/CheckSymbolExists.c
Linking C executable cmTC_07f14
/usr/bin/cmake -E cmake_link_script CMakeFiles/cmTC_07f14.dir/link.txt --verbose=1
/usr/bin/cc      -rdynamic CMakeFiles/cmTC_07f14.dir/CheckSymbolExists.c.o  -o cmTC_07f14 
CMakeFiles/cmTC_07f14.dir/CheckSymbolExists.c.o：在函数‘main’中：
CheckSymbolExists.c:(.text+0x1b)：对‘pthread_create’未定义的引用
collect2: error: ld returned 1 exit status
CMakeFiles/cmTC_07f14.dir/build.make:97: recipe for target 'cmTC_07f14' failed
make[1]: *** [cmTC_07f14] Error 1
make[1]: 离开目录“/home/highler/github/Robot-Learning/ROS/code/base/build/CMakeFiles/CMakeTmp”
Makefile:126: recipe for target 'cmTC_07f14/fast' failed
make: *** [cmTC_07f14/fast] Error 2

File /home/highler/github/Robot-Learning/ROS/code/base/build/CMakeFiles/CMakeTmp/CheckSymbolExists.c:
/* */
#include <pthread.h>

int main(int argc, char** argv)
{
  (void)argv;
#ifndef pthread_create
  return ((int*)(&pthread_create))[argc];
#else
  (void)argc;
  return 0;
#endif
}

Determining if the function pthread_create exists in the pthreads failed with the following output:
Change Dir: /home/highler/github/Robot-Learning/ROS/code/base/build/CMakeFiles/CMakeTmp

Run Build Command:"/usr/bin/make" "cmTC_f427e/fast"
/usr/bin/make -f CMakeFiles/cmTC_f427e.dir/build.make CMakeFiles/cmTC_f427e.dir/build
make[1]: 进入目录“/home/highler/github/Robot-Learning/ROS/code/base/build/CMakeFiles/CMakeTmp”
Building C object CMakeFiles/cmTC_f427e.dir/CheckFunctionExists.c.o
/usr/bin/cc   -DCHECK_FUNCTION_EXISTS=pthread_create   -o CMakeFiles/cmTC_f427e.dir/CheckFunctionExists.c.o   -c /usr/share/cmake-3.10/Modules/CheckFunctionExists.c
Linking C executable cmTC_f427e
/usr/bin/cmake -E cmake_link_script CMakeFiles/cmTC_f427e.dir/link.txt --verbose=1
/usr/bin/cc  -DCHECK_FUNCTION_EXISTS=pthread_create    -rdynamic CMakeFiles/cmTC_f427e.dir/CheckFunctionExists.c.o  -o cmTC_f427e -lpthreads 
/usr/bin/ld: 找不到 -lpthreads
collect2: error: ld returned 1 exit status
CMakeFiles/cmTC_f427e.dir/build.make:97: recipe for target 'cmTC_f427e' failed
make[1]: *** [cmTC_f427e] Error 1
make[1]: 离开目录“/home/highler/github/Robot-Learning/ROS/code/base/build/CMakeFiles/CMakeTmp”
Makefile:126: recipe for target 'cmTC_f427e/fast' failed
make: *** [cmTC_f427e/fast] Error 2


